<?xml version="1.0" encoding="utf-8"?><testsuites name="pytest tests"><testsuite name="pytest" errors="0" failures="10" skipped="0" tests="24" time="17.524" timestamp="2025-09-01T21:58:09.254138-05:00" hostname="debian-ser6"><testcase classname="tests.benchmarks.test_optimization_validation" name="test_validation_cache_hit_miss_behavior" time="0.050" /><testcase classname="tests.benchmarks.test_optimization_validation" name="test_validation_cache_disabled" time="0.001" /><testcase classname="tests.benchmarks.test_optimization_validation" name="test_validation_cache_cleared" time="0.001" /><testcase classname="tests.benchmarks.test_optimization_validation" name="test_validation_cache_size_limit" time="0.002" /><testcase classname="tests.benchmarks.test_optimization_validation" name="test_validation_with_invalid_messages" time="0.002" /><testcase classname="tests.benchmarks.test_optimization_validation" name="test_validation_performance_comparison" time="0.005" /><testcase classname="tests.benchmarks.test_performance" name="test_message_throughput_ping" time="5.007" /><testcase classname="tests.benchmarks.test_performance" name="test_message_throughput_operations" time="5.005" /><testcase classname="tests.benchmarks.test_performance" name="test_validation_caching_effectiveness" time="1.035" /><testcase classname="tests.benchmarks.test_performance" name="test_optimized_message_processing_performance" time="0.624" /><testcase classname="tests.benchmarks.test_performance" name="test_performance_monitor_production_stats" time="0.003" /><testcase classname="tests.benchmarks.test_performance" name="test_performance_regression_summary" time="0.001" /><testcase classname="tests.integration.test_github_api_integration.TestGitHubAPIIntegration" name="test_github_list_issues_integration" time="0.013"><failure message="AssertionError: assert 'https://api.github.com/repos/owner/repo/issues' in '/repos/owner/repo/issues'">tests/integration/test_github_api_integration.py:134: in test_github_list_issues_integration
    assert "https://api.github.com/repos/owner/repo/issues" in call_args[0][0]
E   AssertionError: assert 'https://api.github.com/repos/owner/repo/issues' in '/repos/owner/repo/issues'</failure></testcase><testcase classname="tests.integration.test_github_api_integration.TestGitHubAPIIntegration" name="test_github_create_issue_integration" time="0.007"><failure message="AssertionError: assert '/repos/owner/repo/issues' == 'https://api....r/repo/issues'&#10;  &#10;  - https://api.github.com/repos/owner/repo/issues&#10;  + /repos/owner/repo/issues">tests/integration/test_github_api_integration.py:162: in test_github_create_issue_integration
    assert call_args[0][0] == "https://api.github.com/repos/owner/repo/issues"
E   AssertionError: assert '/repos/owner/repo/issues' == 'https://api....r/repo/issues'
E     
E     - https://api.github.com/repos/owner/repo/issues
E     + /repos/owner/repo/issues</failure></testcase><testcase classname="tests.integration.test_github_api_integration.TestGitHubAPIIntegration" name="test_github_get_pr_details_integration" time="0.006"><failure message="AssertionError: assert '/repos/owner/repo/pulls/2' == 'https://api..../repo/pulls/2'&#10;  &#10;  - https://api.github.com/repos/owner/repo/pulls/2&#10;  + /repos/owner/repo/pulls/2">tests/integration/test_github_api_integration.py:195: in test_github_get_pr_details_integration
    assert call_args[0][0] == "https://api.github.com/repos/owner/repo/pulls/2"
E   AssertionError: assert '/repos/owner/repo/pulls/2' == 'https://api..../repo/pulls/2'
E     
E     - https://api.github.com/repos/owner/repo/pulls/2
E     + /repos/owner/repo/pulls/2</failure></testcase><testcase classname="tests.integration.test_github_api_integration.TestGitHubAPIIntegration" name="test_github_list_workflow_runs_integration" time="0.007"><failure message="AssertionError: assert 'https://api.github.com/repos/owner/repo/actions/runs' in '/repos/owner/repo/actions/runs'">tests/integration/test_github_api_integration.py:226: in test_github_list_workflow_runs_integration
    assert "https://api.github.com/repos/owner/repo/actions/runs" in call_args[0][0]
E   AssertionError: assert 'https://api.github.com/repos/owner/repo/actions/runs' in '/repos/owner/repo/actions/runs'</failure></testcase><testcase classname="tests.integration.test_github_api_integration.TestGitHubAPIIntegration" name="test_error_handling_granularity_network_error" time="0.004"><failure message="AssertionError: assert 'connection error' in '❌ network connection failed: network unreachable'&#10; +  where '❌ network connection failed: network unreachable' = &lt;built-in method lower of str object at 0x7fe60ba639b0&gt;()&#10; +    where &lt;built-in method lower of str object at 0x7fe60ba639b0&gt; = '❌ Network connection failed: Network unreachable'.lower">tests/integration/test_github_api_integration.py:247: in test_error_handling_granularity_network_error
    assert "connection error" in result.lower()
E   AssertionError: assert 'connection error' in '❌ network connection failed: network unreachable'
E    +  where '❌ network connection failed: network unreachable' = &lt;built-in method lower of str object at 0x7fe60ba639b0&gt;()
E    +    where &lt;built-in method lower of str object at 0x7fe60ba639b0&gt; = '❌ Network connection failed: Network unreachable'.lower</failure></testcase><testcase classname="tests.integration.test_github_api_integration.TestGitHubAPIIntegration" name="test_error_handling_granularity_authentication_error" time="0.006"><failure message="assert ('401' in &quot;❌ Failed to list issues: &lt;AsyncMock name='github_client_context().__aenter__().get().status' id='140626014392288'&gt; - &lt;AsyncMock name='github_client_context().__aenter__().get().text()' id='140626014201920'&gt;&quot; or 'authentication' in &quot;❌ failed to list issues: &lt;asyncmock name='github_client_context().__aenter__().get().status' id='140626014392288'&gt; - &lt;asyncmock name='github_client_context().__aenter__().get().text()' id='140626014201920'&gt;&quot;)&#10; +  where &quot;❌ failed to list issues: &lt;asyncmock name='github_client_context().__aenter__().get().status' id='140626014392288'&gt; - &lt;asyncmock name='github_client_context().__aenter__().get().text()' id='140626014201920'&gt;&quot; = &lt;built-in method lower of str object at 0x7fe60bf01e30&gt;()&#10; +    where &lt;built-in method lower of str object at 0x7fe60bf01e30&gt; = &quot;❌ Failed to list issues: &lt;AsyncMock name='github_client_context().__aenter__().get().status' id='140626014392288'&gt; - &lt;AsyncMock name='github_client_context().__aenter__().get().text()' id='140626014201920'&gt;&quot;.lower">tests/integration/test_github_api_integration.py:265: in test_error_handling_granularity_authentication_error
    assert "401" in result or "authentication" in result.lower()
E   assert ('401' in "❌ Failed to list issues: &lt;AsyncMock name='github_client_context().__aenter__().get().status' id='140626014392288'&gt; - &lt;AsyncMock name='github_client_context().__aenter__().get().text()' id='140626014201920'&gt;" or 'authentication' in "❌ failed to list issues: &lt;asyncmock name='github_client_context().__aenter__().get().status' id='140626014392288'&gt; - &lt;asyncmock name='github_client_context().__aenter__().get().text()' id='140626014201920'&gt;")
E    +  where "❌ failed to list issues: &lt;asyncmock name='github_client_context().__aenter__().get().status' id='140626014392288'&gt; - &lt;asyncmock name='github_client_context().__aenter__().get().text()' id='140626014201920'&gt;" = &lt;built-in method lower of str object at 0x7fe60bf01e30&gt;()
E    +    where &lt;built-in method lower of str object at 0x7fe60bf01e30&gt; = "❌ Failed to list issues: &lt;AsyncMock name='github_client_context().__aenter__().get().status' id='140626014392288'&gt; - &lt;AsyncMock name='github_client_context().__aenter__().get().text()' id='140626014201920'&gt;".lower</failure></testcase><testcase classname="tests.integration.test_github_api_integration.TestGitHubAPIIntegration" name="test_error_handling_granularity_rate_limit_error" time="0.006"><failure message="assert ('rate limit' in &quot;❌ failed to list issues: &lt;asyncmock name='github_client_context().__aenter__().get().status' id='140626014521824'&gt; - &lt;asyncmock name='github_client_context().__aenter__().get().text()' id='140626014663744'&gt;&quot; or '403' in &quot;❌ Failed to list issues: &lt;AsyncMock name='github_client_context().__aenter__().get().status' id='140626014521824'&gt; - &lt;AsyncMock name='github_client_context().__aenter__().get().text()' id='140626014663744'&gt;&quot;)&#10; +  where &quot;❌ failed to list issues: &lt;asyncmock name='github_client_context().__aenter__().get().status' id='140626014521824'&gt; - &lt;asyncmock name='github_client_context().__aenter__().get().text()' id='140626014663744'&gt;&quot; = &lt;built-in method lower of str object at 0x7fe60bf021f0&gt;()&#10; +    where &lt;built-in method lower of str object at 0x7fe60bf021f0&gt; = &quot;❌ Failed to list issues: &lt;AsyncMock name='github_client_context().__aenter__().get().status' id='140626014521824'&gt; - &lt;AsyncMock name='github_client_context().__aenter__().get().text()' id='140626014663744'&gt;&quot;.lower">tests/integration/test_github_api_integration.py:285: in test_error_handling_granularity_rate_limit_error
    assert "rate limit" in result.lower() or "403" in result
E   assert ('rate limit' in "❌ failed to list issues: &lt;asyncmock name='github_client_context().__aenter__().get().status' id='140626014521824'&gt; - &lt;asyncmock name='github_client_context().__aenter__().get().text()' id='140626014663744'&gt;" or '403' in "❌ Failed to list issues: &lt;AsyncMock name='github_client_context().__aenter__().get().status' id='140626014521824'&gt; - &lt;AsyncMock name='github_client_context().__aenter__().get().text()' id='140626014663744'&gt;")
E    +  where "❌ failed to list issues: &lt;asyncmock name='github_client_context().__aenter__().get().status' id='140626014521824'&gt; - &lt;asyncmock name='github_client_context().__aenter__().get().text()' id='140626014663744'&gt;" = &lt;built-in method lower of str object at 0x7fe60bf021f0&gt;()
E    +    where &lt;built-in method lower of str object at 0x7fe60bf021f0&gt; = "❌ Failed to list issues: &lt;AsyncMock name='github_client_context().__aenter__().get().status' id='140626014521824'&gt; - &lt;AsyncMock name='github_client_context().__aenter__().get().text()' id='140626014663744'&gt;".lower</failure></testcase><testcase classname="tests.integration.test_github_api_integration.TestPatchMemoryManagerIntegration" name="test_patch_memory_manager_initialization" time="0.001" /><testcase classname="tests.integration.test_github_api_integration.TestPatchMemoryManagerIntegration" name="test_patch_memory_manager_can_include_patch" time="0.001" /><testcase classname="tests.integration.test_github_api_integration.TestPatchMemoryManagerIntegration" name="test_patch_memory_manager_process_patch_normal" time="0.002"><failure message="AssertionError: assert '```diff\ndif...ded line\n```' == 'diff --git a...\n+added line'&#10;  &#10;  + ```diff&#10;    diff --git a/file.py b/file.py&#10;  - +added line&#10;  + +added line&#10;  ?            +&#10;  + ```">tests/integration/test_github_api_integration.py:322: in test_patch_memory_manager_process_patch_normal
    assert processed_patch == test_patch
E   AssertionError: assert '```diff\ndif...ded line\n```' == 'diff --git a...\n+added line'
E     
E     + ```diff
E       diff --git a/file.py b/file.py
E     - +added line
E     + +added line
E     ?            +
E     + ```</failure></testcase><testcase classname="tests.integration.test_github_api_integration.TestPatchMemoryManagerIntegration" name="test_patch_memory_manager_process_patch_truncated" time="0.001"><failure message="AssertionError: assert 'TRUNCATED' in '```diff\ndiff --git a/very_lo\n... [truncated 139 chars]\n```'">tests/integration/test_github_api_integration.py:336: in test_patch_memory_manager_process_patch_truncated
    assert "TRUNCATED" in processed_patch
E   AssertionError: assert 'TRUNCATED' in '```diff\ndiff --git a/very_lo\n... [truncated 139 chars]\n```'</failure></testcase><testcase classname="tests.integration.test_github_api_integration.TestPatchMemoryManagerIntegration" name="test_patch_memory_manager_memory_budget_exceeded" time="0.002"><failure message="AssertionError: assert 'MEMORY BUDGET EXCEEDED' in '[Patch skipped - memory limit reached (40/50 bytes used)]'">tests/integration/test_github_api_integration.py:351: in test_patch_memory_manager_memory_budget_exceeded
    assert "MEMORY BUDGET EXCEEDED" in processed_patch
E   AssertionError: assert 'MEMORY BUDGET EXCEEDED' in '[Patch skipped - memory limit reached (40/50 bytes used)]'</failure></testcase></testsuite></testsuites>